<?xml version="1.0" encoding="UTF-8"?>
<testsuite xmlns:xsi="http://www.w3.org/2001/XMLSchema-instance" xsi:noNamespaceSchemaLocation="https://maven.apache.org/surefire/maven-surefire-plugin/xsd/surefire-test-report.xsd" name="ru.tsvlad.waydvalidator.service.impl.ValidationServiceImplTest" time="28.527" tests="4" errors="0" skipped="0" failures="0">
  <properties>
[...]
</properties>
  <testcase name="isValidUserValidTest" classname="ru.tsvlad.waydvalidator.service.impl.ValidationServiceImplTest" time="0.098"/>
  <testcase name="isValidUserInvalidTest" classname="ru.tsvlad.waydvalidator.service.impl.ValidationServiceImplTest" time="0.012"/>
  <testcase name="isValidEventValidTest" classname="ru.tsvlad.waydvalidator.service.impl.ValidationServiceImplTest" time="0.043"/>
  <testcase name="isValidEventInvalidTest" classname="ru.tsvlad.waydvalidator.service.impl.ValidationServiceImplTest" time="0.004"/>
</testsuite>